<?xml version="1.0" encoding="UTF-8"?>
<testsuite xmlns:xsi="http://www.w3.org/2001/XMLSchema-instance" xsi:noNamespaceSchemaLocation="https://maven.apache.org/surefire/maven-surefire-plugin/xsd/surefire-test-report.xsd" name="com.parachute.shikabookcity.ShikaBookCityApplicationTests" time="8.804" tests="2" errors="1" skipped="0" failures="0">
  <properties>
    <property name="sun.desktop" value="windows"/>
    <property name="awt.toolkit" value="sun.awt.windows.WToolkit"/>
    <property name="file.encoding.pkg" value="sun.io"/>
    <property name="java.specification.version" value="1.8"/>
    <property name="sun.cpu.isalist" value="pentium_pro+mmx pentium_pro pentium+mmx pentium i486 i386 i86"/>
    <property name="sun.jnu.encoding" value="GBK"/>
    <property name="java.class.path" value="D:\parachute\shikaBookCity\shika-book-city\target\test-classes;D:\parachute\shikaBookCity\shika-book-city\target\classes;D:\repository\org\springframework\boot\spring-boot-starter-web\2.6.6\spring-boot-starter-web-2.6.6.jar;D:\repository\org\springframework\boot\spring-boot-starter\2.6.6\spring-boot-starter-2.6.6.jar;D:\repository\org\springframework\boot\spring-boot\2.6.6\spring-boot-2.6.6.jar;D:\repository\org\springframework\boot\spring-boot-starter-logging\2.6.6\spring-boot-starter-logging-2.6.6.jar;D:\repository\ch\qos\logback\logback-classic\1.2.11\logback-classic-1.2.11.jar;D:\repository\ch\qos\logback\logback-core\1.2.11\logback-core-1.2.11.jar;D:\repository\org\apache\logging\log4j\log4j-to-slf4j\2.17.2\log4j-to-slf4j-2.17.2.jar;D:\repository\org\apache\logging\log4j\log4j-api\2.17.2\log4j-api-2.17.2.jar;D:\repository\org\slf4j\jul-to-slf4j\1.7.36\jul-to-slf4j-1.7.36.jar;D:\repository\jakarta\annotation\jakarta.annotation-api\1.3.5\jakarta.annotation-api-1.3.5.jar;D:\repository\org\yaml\snakeyaml\1.29\snakeyaml-1.29.jar;D:\repository\org\springframework\boot\spring-boot-starter-json\2.6.6\spring-boot-starter-json-2.6.6.jar;D:\repository\com\fasterxml\jackson\core\jackson-databind\2.13.2.2\jackson-databind-2.13.2.2.jar;D:\repository\com\fasterxml\jackson\core\jackson-core\2.13.2\jackson-core-2.13.2.jar;D:\repository\com\fasterxml\jackson\datatype\jackson-datatype-jdk8\2.13.2\jackson-datatype-jdk8-2.13.2.jar;D:\repository\com\fasterxml\jackson\datatype\jackson-datatype-jsr310\2.13.2\jackson-datatype-jsr310-2.13.2.jar;D:\repository\com\fasterxml\jackson\module\jackson-module-parameter-names\2.13.2\jackson-module-parameter-names-2.13.2.jar;D:\repository\org\springframework\boot\spring-boot-starter-tomcat\2.6.6\spring-boot-starter-tomcat-2.6.6.jar;D:\repository\org\apache\tomcat\embed\tomcat-embed-core\9.0.60\tomcat-embed-core-9.0.60.jar;D:\repository\org\apache\tomcat\embed\tomcat-embed-el\9.0.60\tomcat-embed-el-9.0.60.jar;D:\repository\org\apache\tomcat\embed\tomcat-embed-websocket\9.0.60\tomcat-embed-websocket-9.0.60.jar;D:\repository\org\springframework\spring-web\5.3.18\spring-web-5.3.18.jar;D:\repository\org\springframework\spring-webmvc\5.3.18\spring-webmvc-5.3.18.jar;D:\repository\org\springframework\spring-context\5.3.18\spring-context-5.3.18.jar;D:\repository\org\springframework\spring-expression\5.3.18\spring-expression-5.3.18.jar;D:\repository\org\springframework\boot\spring-boot-starter-test\2.6.6\spring-boot-starter-test-2.6.6.jar;D:\repository\org\springframework\boot\spring-boot-test\2.6.6\spring-boot-test-2.6.6.jar;D:\repository\org\springframework\boot\spring-boot-test-autoconfigure\2.6.6\spring-boot-test-autoconfigure-2.6.6.jar;D:\repository\com\jayway\jsonpath\json-path\2.6.0\json-path-2.6.0.jar;D:\repository\net\minidev\json-smart\2.4.8\json-smart-2.4.8.jar;D:\repository\net\minidev\accessors-smart\2.4.8\accessors-smart-2.4.8.jar;D:\repository\org\ow2\asm\asm\9.1\asm-9.1.jar;D:\repository\jakarta\xml\bind\jakarta.xml.bind-api\2.3.3\jakarta.xml.bind-api-2.3.3.jar;D:\repository\jakarta\activation\jakarta.activation-api\1.2.2\jakarta.activation-api-1.2.2.jar;D:\repository\org\assertj\assertj-core\3.21.0\assertj-core-3.21.0.jar;D:\repository\org\hamcrest\hamcrest\2.2\hamcrest-2.2.jar;D:\repository\org\junit\jupiter\junit-jupiter\5.8.2\junit-jupiter-5.8.2.jar;D:\repository\org\junit\jupiter\junit-jupiter-api\5.8.2\junit-jupiter-api-5.8.2.jar;D:\repository\org\opentest4j\opentest4j\1.2.0\opentest4j-1.2.0.jar;D:\repository\org\junit\platform\junit-platform-commons\1.8.2\junit-platform-commons-1.8.2.jar;D:\repository\org\apiguardian\apiguardian-api\1.1.2\apiguardian-api-1.1.2.jar;D:\repository\org\junit\jupiter\junit-jupiter-params\5.8.2\junit-jupiter-params-5.8.2.jar;D:\repository\org\junit\jupiter\junit-jupiter-engine\5.8.2\junit-jupiter-engine-5.8.2.jar;D:\repository\org\junit\platform\junit-platform-engine\1.8.2\junit-platform-engine-1.8.2.jar;D:\repository\org\mockito\mockito-core\4.0.0\mockito-core-4.0.0.jar;D:\repository\net\bytebuddy\byte-buddy\1.11.22\byte-buddy-1.11.22.jar;D:\repository\net\bytebuddy\byte-buddy-agent\1.11.22\byte-buddy-agent-1.11.22.jar;D:\repository\org\objenesis\objenesis\3.2\objenesis-3.2.jar;D:\repository\org\mockito\mockito-junit-jupiter\4.0.0\mockito-junit-jupiter-4.0.0.jar;D:\repository\org\skyscreamer\jsonassert\1.5.0\jsonassert-1.5.0.jar;D:\repository\com\vaadin\external\google\android-json\0.0.20131108.vaadin1\android-json-0.0.20131108.vaadin1.jar;D:\repository\org\springframework\spring-core\5.3.18\spring-core-5.3.18.jar;D:\repository\org\springframework\spring-jcl\5.3.18\spring-jcl-5.3.18.jar;D:\repository\org\springframework\spring-test\5.3.18\spring-test-5.3.18.jar;D:\repository\org\xmlunit\xmlunit-core\2.8.4\xmlunit-core-2.8.4.jar;D:\repository\org\projectlombok\lombok\1.18.22\lombok-1.18.22.jar;D:\repository\org\springframework\data\spring-data-commons\2.6.3\spring-data-commons-2.6.3.jar;D:\repository\org\springframework\spring-beans\5.3.18\spring-beans-5.3.18.jar;D:\repository\org\slf4j\slf4j-api\1.7.36\slf4j-api-1.7.36.jar;D:\repository\com\alibaba\druid-spring-boot-starter\1.2.8\druid-spring-boot-starter-1.2.8.jar;D:\repository\com\alibaba\druid\1.2.8\druid-1.2.8.jar;D:\repository\org\springframework\boot\spring-boot-autoconfigure\2.6.6\spring-boot-autoconfigure-2.6.6.jar;D:\repository\com\github\pagehelper\pagehelper-spring-boot-starter\1.4.1\pagehelper-spring-boot-starter-1.4.1.jar;D:\repository\org\mybatis\spring\boot\mybatis-spring-boot-starter\2.2.0\mybatis-spring-boot-starter-2.2.0.jar;D:\repository\org\mybatis\spring\boot\mybatis-spring-boot-autoconfigure\2.2.0\mybatis-spring-boot-autoconfigure-2.2.0.jar;D:\repository\org\mybatis\mybatis\3.5.7\mybatis-3.5.7.jar;D:\repository\org\mybatis\mybatis-spring\2.0.6\mybatis-spring-2.0.6.jar;D:\repository\com\github\pagehelper\pagehelper-spring-boot-autoconfigure\1.4.1\pagehelper-spring-boot-autoconfigure-1.4.1.jar;D:\repository\com\github\pagehelper\pagehelper\5.3.0\pagehelper-5.3.0.jar;D:\repository\com\github\jsqlparser\jsqlparser\4.2\jsqlparser-4.2.jar;D:\repository\io\springfox\springfox-boot-starter\3.0.0\springfox-boot-starter-3.0.0.jar;D:\repository\io\springfox\springfox-data-rest\3.0.0\springfox-data-rest-3.0.0.jar;D:\repository\io\springfox\springfox-bean-validators\3.0.0\springfox-bean-validators-3.0.0.jar;D:\repository\io\springfox\springfox-swagger2\3.0.0\springfox-swagger2-3.0.0.jar;D:\repository\io\swagger\swagger-annotations\1.5.20\swagger-annotations-1.5.20.jar;D:\repository\io\swagger\swagger-models\1.5.20\swagger-models-1.5.20.jar;D:\repository\io\springfox\springfox-swagger-ui\3.0.0\springfox-swagger-ui-3.0.0.jar;D:\repository\com\fasterxml\classmate\1.5.1\classmate-1.5.1.jar;D:\repository\org\springframework\plugin\spring-plugin-core\2.0.0.RELEASE\spring-plugin-core-2.0.0.RELEASE.jar;D:\repository\org\springframework\plugin\spring-plugin-metadata\2.0.0.RELEASE\spring-plugin-metadata-2.0.0.RELEASE.jar;D:\repository\org\springframework\boot\spring-boot-starter-data-redis\2.6.6\spring-boot-starter-data-redis-2.6.6.jar;D:\repository\org\springframework\data\spring-data-redis\2.6.3\spring-data-redis-2.6.3.jar;D:\repository\org\springframework\data\spring-data-keyvalue\2.6.3\spring-data-keyvalue-2.6.3.jar;D:\repository\org\springframework\spring-tx\5.3.18\spring-tx-5.3.18.jar;D:\repository\org\springframework\spring-oxm\5.3.18\spring-oxm-5.3.18.jar;D:\repository\org\springframework\spring-context-support\5.3.18\spring-context-support-5.3.18.jar;D:\repository\io\lettuce\lettuce-core\6.1.8.RELEASE\lettuce-core-6.1.8.RELEASE.jar;D:\repository\io\netty\netty-common\4.1.75.Final\netty-common-4.1.75.Final.jar;D:\repository\io\netty\netty-handler\4.1.75.Final\netty-handler-4.1.75.Final.jar;D:\repository\io\netty\netty-resolver\4.1.75.Final\netty-resolver-4.1.75.Final.jar;D:\repository\io\netty\netty-buffer\4.1.75.Final\netty-buffer-4.1.75.Final.jar;D:\repository\io\netty\netty-codec\4.1.75.Final\netty-codec-4.1.75.Final.jar;D:\repository\io\netty\netty-transport\4.1.75.Final\netty-transport-4.1.75.Final.jar;D:\repository\io\projectreactor\reactor-core\3.4.16\reactor-core-3.4.16.jar;D:\repository\org\reactivestreams\reactive-streams\1.0.3\reactive-streams-1.0.3.jar;D:\repository\org\apache\shiro\shiro-spring-boot-web-starter\1.7.1\shiro-spring-boot-web-starter-1.7.1.jar;D:\repository\org\apache\shiro\shiro-spring-boot-starter\1.7.1\shiro-spring-boot-starter-1.7.1.jar;D:\repository\org\apache\shiro\shiro-spring\1.7.1\shiro-spring-1.7.1.jar;D:\repository\org\apache\shiro\shiro-core\1.7.1\shiro-core-1.7.1.jar;D:\repository\org\apache\shiro\shiro-lang\1.7.1\shiro-lang-1.7.1.jar;D:\repository\org\apache\shiro\shiro-cache\1.7.1\shiro-cache-1.7.1.jar;D:\repository\org\apache\shiro\shiro-crypto-hash\1.7.1\shiro-crypto-hash-1.7.1.jar;D:\repository\org\apache\shiro\shiro-crypto-core\1.7.1\shiro-crypto-core-1.7.1.jar;D:\repository\org\apache\shiro\shiro-crypto-cipher\1.7.1\shiro-crypto-cipher-1.7.1.jar;D:\repository\org\apache\shiro\shiro-config-core\1.7.1\shiro-config-core-1.7.1.jar;D:\repository\org\apache\shiro\shiro-config-ogdl\1.7.1\shiro-config-ogdl-1.7.1.jar;D:\repository\commons-beanutils\commons-beanutils\1.9.4\commons-beanutils-1.9.4.jar;D:\repository\commons-collections\commons-collections\3.2.2\commons-collections-3.2.2.jar;D:\repository\org\apache\shiro\shiro-event\1.7.1\shiro-event-1.7.1.jar;D:\repository\org\apache\shiro\shiro-web\1.7.1\shiro-web-1.7.1.jar;D:\repository\org\owasp\encoder\encoder\1.2.2\encoder-1.2.2.jar;D:\repository\mysql\mysql-connector-java\8.0.28\mysql-connector-java-8.0.28.jar;D:\repository\com\baomidou\mybatis-plus-boot-starter\3.4.2\mybatis-plus-boot-starter-3.4.2.jar;D:\repository\com\baomidou\mybatis-plus\3.4.2\mybatis-plus-3.4.2.jar;D:\repository\com\baomidou\mybatis-plus-extension\3.4.2\mybatis-plus-extension-3.4.2.jar;D:\repository\com\baomidou\mybatis-plus-core\3.4.2\mybatis-plus-core-3.4.2.jar;D:\repository\com\baomidou\mybatis-plus-annotation\3.4.2\mybatis-plus-annotation-3.4.2.jar;D:\repository\org\springframework\boot\spring-boot-starter-jdbc\2.6.6\spring-boot-starter-jdbc-2.6.6.jar;D:\repository\com\zaxxer\HikariCP\4.0.3\HikariCP-4.0.3.jar;D:\repository\org\springframework\spring-jdbc\5.3.18\spring-jdbc-5.3.18.jar;D:\repository\eu\bitwalker\UserAgentUtils\1.21\UserAgentUtils-1.21.jar;D:\repository\io\springfox\springfox-oas\3.0.0\springfox-oas-3.0.0.jar;D:\repository\io\swagger\core\v3\swagger-annotations\2.1.2\swagger-annotations-2.1.2.jar;D:\repository\io\swagger\core\v3\swagger-models\2.1.2\swagger-models-2.1.2.jar;D:\repository\com\fasterxml\jackson\core\jackson-annotations\2.13.2\jackson-annotations-2.13.2.jar;D:\repository\io\springfox\springfox-spi\3.0.0\springfox-spi-3.0.0.jar;D:\repository\io\springfox\springfox-schema\3.0.0\springfox-schema-3.0.0.jar;D:\repository\io\springfox\springfox-core\3.0.0\springfox-core-3.0.0.jar;D:\repository\io\springfox\springfox-spring-web\3.0.0\springfox-spring-web-3.0.0.jar;D:\repository\io\github\classgraph\classgraph\4.8.83\classgraph-4.8.83.jar;D:\repository\io\springfox\springfox-spring-webmvc\3.0.0\springfox-spring-webmvc-3.0.0.jar;D:\repository\io\springfox\springfox-spring-webflux\3.0.0\springfox-spring-webflux-3.0.0.jar;D:\repository\io\springfox\springfox-swagger-common\3.0.0\springfox-swagger-common-3.0.0.jar;D:\repository\org\mapstruct\mapstruct\1.3.1.Final\mapstruct-1.3.1.Final.jar;D:\repository\com\google\code\gson\gson\2.9.0\gson-2.9.0.jar;D:\repository\org\apache\httpcomponents\httpclient\4.5.13\httpclient-4.5.13.jar;D:\repository\org\apache\httpcomponents\httpcore\4.4.15\httpcore-4.4.15.jar;D:\repository\commons-codec\commons-codec\1.15\commons-codec-1.15.jar;D:\repository\org\apache\httpcomponents\httpmime\4.5.13\httpmime-4.5.13.jar;D:\repository\com\alibaba\fastjson\1.2.75\fastjson-1.2.75.jar;D:\repository\org\springframework\boot\spring-boot-configuration-processor\2.6.6\spring-boot-configuration-processor-2.6.6.jar;D:\repository\org\springframework\boot\spring-boot-starter-aop\2.6.3\spring-boot-starter-aop-2.6.3.jar;D:\repository\org\springframework\spring-aop\5.3.18\spring-aop-5.3.18.jar;D:\repository\org\aspectj\aspectjweaver\1.9.7\aspectjweaver-1.9.7.jar;D:\repository\org\apache\commons\commons-lang3\3.9\commons-lang3-3.9.jar;"/>
    <property name="java.vm.vendor" value="Oracle Corporation"/>
    <property name="sun.arch.data.model" value="32"/>
    <property name="user.variant" value=""/>
    <property name="java.vendor.url" value="http://java.oracle.com/"/>
    <property name="user.timezone" value="Asia/Shanghai"/>
    <property name="java.vm.specification.version" value="1.8"/>
    <property name="os.name" value="Windows 10"/>
    <property name="user.country" value="CN"/>
    <property name="sun.java.launcher" value="SUN_STANDARD"/>
    <property name="sun.boot.library.path" value="C:\Program Files (x86)\Java\jdk1.8.0_102\jre\bin"/>
    <property name="sun.java.command" value="C:\Users\machi\AppData\Local\Temp\surefire6661959492264877896\surefirebooter1944698982033493717.jar C:\Users\machi\AppData\Local\Temp\surefire6661959492264877896 2022-05-04T08-15-03_975-jvmRun1 surefire7235716405091817882tmp surefire_094064730072357207tmp"/>
    <property name="surefire.test.class.path" value="D:\parachute\shikaBookCity\shika-book-city\target\test-classes;D:\parachute\shikaBookCity\shika-book-city\target\classes;D:\repository\org\springframework\boot\spring-boot-starter-web\2.6.6\spring-boot-starter-web-2.6.6.jar;D:\repository\org\springframework\boot\spring-boot-starter\2.6.6\spring-boot-starter-2.6.6.jar;D:\repository\org\springframework\boot\spring-boot\2.6.6\spring-boot-2.6.6.jar;D:\repository\org\springframework\boot\spring-boot-starter-logging\2.6.6\spring-boot-starter-logging-2.6.6.jar;D:\repository\ch\qos\logback\logback-classic\1.2.11\logback-classic-1.2.11.jar;D:\repository\ch\qos\logback\logback-core\1.2.11\logback-core-1.2.11.jar;D:\repository\org\apache\logging\log4j\log4j-to-slf4j\2.17.2\log4j-to-slf4j-2.17.2.jar;D:\repository\org\apache\logging\log4j\log4j-api\2.17.2\log4j-api-2.17.2.jar;D:\repository\org\slf4j\jul-to-slf4j\1.7.36\jul-to-slf4j-1.7.36.jar;D:\repository\jakarta\annotation\jakarta.annotation-api\1.3.5\jakarta.annotation-api-1.3.5.jar;D:\repository\org\yaml\snakeyaml\1.29\snakeyaml-1.29.jar;D:\repository\org\springframework\boot\spring-boot-starter-json\2.6.6\spring-boot-starter-json-2.6.6.jar;D:\repository\com\fasterxml\jackson\core\jackson-databind\2.13.2.2\jackson-databind-2.13.2.2.jar;D:\repository\com\fasterxml\jackson\core\jackson-core\2.13.2\jackson-core-2.13.2.jar;D:\repository\com\fasterxml\jackson\datatype\jackson-datatype-jdk8\2.13.2\jackson-datatype-jdk8-2.13.2.jar;D:\repository\com\fasterxml\jackson\datatype\jackson-datatype-jsr310\2.13.2\jackson-datatype-jsr310-2.13.2.jar;D:\repository\com\fasterxml\jackson\module\jackson-module-parameter-names\2.13.2\jackson-module-parameter-names-2.13.2.jar;D:\repository\org\springframework\boot\spring-boot-starter-tomcat\2.6.6\spring-boot-starter-tomcat-2.6.6.jar;D:\repository\org\apache\tomcat\embed\tomcat-embed-core\9.0.60\tomcat-embed-core-9.0.60.jar;D:\repository\org\apache\tomcat\embed\tomcat-embed-el\9.0.60\tomcat-embed-el-9.0.60.jar;D:\repository\org\apache\tomcat\embed\tomcat-embed-websocket\9.0.60\tomcat-embed-websocket-9.0.60.jar;D:\repository\org\springframework\spring-web\5.3.18\spring-web-5.3.18.jar;D:\repository\org\springframework\spring-webmvc\5.3.18\spring-webmvc-5.3.18.jar;D:\repository\org\springframework\spring-context\5.3.18\spring-context-5.3.18.jar;D:\repository\org\springframework\spring-expression\5.3.18\spring-expression-5.3.18.jar;D:\repository\org\springframework\boot\spring-boot-starter-test\2.6.6\spring-boot-starter-test-2.6.6.jar;D:\repository\org\springframework\boot\spring-boot-test\2.6.6\spring-boot-test-2.6.6.jar;D:\repository\org\springframework\boot\spring-boot-test-autoconfigure\2.6.6\spring-boot-test-autoconfigure-2.6.6.jar;D:\repository\com\jayway\jsonpath\json-path\2.6.0\json-path-2.6.0.jar;D:\repository\net\minidev\json-smart\2.4.8\json-smart-2.4.8.jar;D:\repository\net\minidev\accessors-smart\2.4.8\accessors-smart-2.4.8.jar;D:\repository\org\ow2\asm\asm\9.1\asm-9.1.jar;D:\repository\jakarta\xml\bind\jakarta.xml.bind-api\2.3.3\jakarta.xml.bind-api-2.3.3.jar;D:\repository\jakarta\activation\jakarta.activation-api\1.2.2\jakarta.activation-api-1.2.2.jar;D:\repository\org\assertj\assertj-core\3.21.0\assertj-core-3.21.0.jar;D:\repository\org\hamcrest\hamcrest\2.2\hamcrest-2.2.jar;D:\repository\org\junit\jupiter\junit-jupiter\5.8.2\junit-jupiter-5.8.2.jar;D:\repository\org\junit\jupiter\junit-jupiter-api\5.8.2\junit-jupiter-api-5.8.2.jar;D:\repository\org\opentest4j\opentest4j\1.2.0\opentest4j-1.2.0.jar;D:\repository\org\junit\platform\junit-platform-commons\1.8.2\junit-platform-commons-1.8.2.jar;D:\repository\org\apiguardian\apiguardian-api\1.1.2\apiguardian-api-1.1.2.jar;D:\repository\org\junit\jupiter\junit-jupiter-params\5.8.2\junit-jupiter-params-5.8.2.jar;D:\repository\org\junit\jupiter\junit-jupiter-engine\5.8.2\junit-jupiter-engine-5.8.2.jar;D:\repository\org\junit\platform\junit-platform-engine\1.8.2\junit-platform-engine-1.8.2.jar;D:\repository\org\mockito\mockito-core\4.0.0\mockito-core-4.0.0.jar;D:\repository\net\bytebuddy\byte-buddy\1.11.22\byte-buddy-1.11.22.jar;D:\repository\net\bytebuddy\byte-buddy-agent\1.11.22\byte-buddy-agent-1.11.22.jar;D:\repository\org\objenesis\objenesis\3.2\objenesis-3.2.jar;D:\repository\org\mockito\mockito-junit-jupiter\4.0.0\mockito-junit-jupiter-4.0.0.jar;D:\repository\org\skyscreamer\jsonassert\1.5.0\jsonassert-1.5.0.jar;D:\repository\com\vaadin\external\google\android-json\0.0.20131108.vaadin1\android-json-0.0.20131108.vaadin1.jar;D:\repository\org\springframework\spring-core\5.3.18\spring-core-5.3.18.jar;D:\repository\org\springframework\spring-jcl\5.3.18\spring-jcl-5.3.18.jar;D:\repository\org\springframework\spring-test\5.3.18\spring-test-5.3.18.jar;D:\repository\org\xmlunit\xmlunit-core\2.8.4\xmlunit-core-2.8.4.jar;D:\repository\org\projectlombok\lombok\1.18.22\lombok-1.18.22.jar;D:\repository\org\springframework\data\spring-data-commons\2.6.3\spring-data-commons-2.6.3.jar;D:\repository\org\springframework\spring-beans\5.3.18\spring-beans-5.3.18.jar;D:\repository\org\slf4j\slf4j-api\1.7.36\slf4j-api-1.7.36.jar;D:\repository\com\alibaba\druid-spring-boot-starter\1.2.8\druid-spring-boot-starter-1.2.8.jar;D:\repository\com\alibaba\druid\1.2.8\druid-1.2.8.jar;D:\repository\org\springframework\boot\spring-boot-autoconfigure\2.6.6\spring-boot-autoconfigure-2.6.6.jar;D:\repository\com\github\pagehelper\pagehelper-spring-boot-starter\1.4.1\pagehelper-spring-boot-starter-1.4.1.jar;D:\repository\org\mybatis\spring\boot\mybatis-spring-boot-starter\2.2.0\mybatis-spring-boot-starter-2.2.0.jar;D:\repository\org\mybatis\spring\boot\mybatis-spring-boot-autoconfigure\2.2.0\mybatis-spring-boot-autoconfigure-2.2.0.jar;D:\repository\org\mybatis\mybatis\3.5.7\mybatis-3.5.7.jar;D:\repository\org\mybatis\mybatis-spring\2.0.6\mybatis-spring-2.0.6.jar;D:\repository\com\github\pagehelper\pagehelper-spring-boot-autoconfigure\1.4.1\pagehelper-spring-boot-autoconfigure-1.4.1.jar;D:\repository\com\github\pagehelper\pagehelper\5.3.0\pagehelper-5.3.0.jar;D:\repository\com\github\jsqlparser\jsqlparser\4.2\jsqlparser-4.2.jar;D:\repository\io\springfox\springfox-boot-starter\3.0.0\springfox-boot-starter-3.0.0.jar;D:\repository\io\springfox\springfox-data-rest\3.0.0\springfox-data-rest-3.0.0.jar;D:\repository\io\springfox\springfox-bean-validators\3.0.0\springfox-bean-validators-3.0.0.jar;D:\repository\io\springfox\springfox-swagger2\3.0.0\springfox-swagger2-3.0.0.jar;D:\repository\io\swagger\swagger-annotations\1.5.20\swagger-annotations-1.5.20.jar;D:\repository\io\swagger\swagger-models\1.5.20\swagger-models-1.5.20.jar;D:\repository\io\springfox\springfox-swagger-ui\3.0.0\springfox-swagger-ui-3.0.0.jar;D:\repository\com\fasterxml\classmate\1.5.1\classmate-1.5.1.jar;D:\repository\org\springframework\plugin\spring-plugin-core\2.0.0.RELEASE\spring-plugin-core-2.0.0.RELEASE.jar;D:\repository\org\springframework\plugin\spring-plugin-metadata\2.0.0.RELEASE\spring-plugin-metadata-2.0.0.RELEASE.jar;D:\repository\org\springframework\boot\spring-boot-starter-data-redis\2.6.6\spring-boot-starter-data-redis-2.6.6.jar;D:\repository\org\springframework\data\spring-data-redis\2.6.3\spring-data-redis-2.6.3.jar;D:\repository\org\springframework\data\spring-data-keyvalue\2.6.3\spring-data-keyvalue-2.6.3.jar;D:\repository\org\springframework\spring-tx\5.3.18\spring-tx-5.3.18.jar;D:\repository\org\springframework\spring-oxm\5.3.18\spring-oxm-5.3.18.jar;D:\repository\org\springframework\spring-context-support\5.3.18\spring-context-support-5.3.18.jar;D:\repository\io\lettuce\lettuce-core\6.1.8.RELEASE\lettuce-core-6.1.8.RELEASE.jar;D:\repository\io\netty\netty-common\4.1.75.Final\netty-common-4.1.75.Final.jar;D:\repository\io\netty\netty-handler\4.1.75.Final\netty-handler-4.1.75.Final.jar;D:\repository\io\netty\netty-resolver\4.1.75.Final\netty-resolver-4.1.75.Final.jar;D:\repository\io\netty\netty-buffer\4.1.75.Final\netty-buffer-4.1.75.Final.jar;D:\repository\io\netty\netty-codec\4.1.75.Final\netty-codec-4.1.75.Final.jar;D:\repository\io\netty\netty-transport\4.1.75.Final\netty-transport-4.1.75.Final.jar;D:\repository\io\projectreactor\reactor-core\3.4.16\reactor-core-3.4.16.jar;D:\repository\org\reactivestreams\reactive-streams\1.0.3\reactive-streams-1.0.3.jar;D:\repository\org\apache\shiro\shiro-spring-boot-web-starter\1.7.1\shiro-spring-boot-web-starter-1.7.1.jar;D:\repository\org\apache\shiro\shiro-spring-boot-starter\1.7.1\shiro-spring-boot-starter-1.7.1.jar;D:\repository\org\apache\shiro\shiro-spring\1.7.1\shiro-spring-1.7.1.jar;D:\repository\org\apache\shiro\shiro-core\1.7.1\shiro-core-1.7.1.jar;D:\repository\org\apache\shiro\shiro-lang\1.7.1\shiro-lang-1.7.1.jar;D:\repository\org\apache\shiro\shiro-cache\1.7.1\shiro-cache-1.7.1.jar;D:\repository\org\apache\shiro\shiro-crypto-hash\1.7.1\shiro-crypto-hash-1.7.1.jar;D:\repository\org\apache\shiro\shiro-crypto-core\1.7.1\shiro-crypto-core-1.7.1.jar;D:\repository\org\apache\shiro\shiro-crypto-cipher\1.7.1\shiro-crypto-cipher-1.7.1.jar;D:\repository\org\apache\shiro\shiro-config-core\1.7.1\shiro-config-core-1.7.1.jar;D:\repository\org\apache\shiro\shiro-config-ogdl\1.7.1\shiro-config-ogdl-1.7.1.jar;D:\repository\commons-beanutils\commons-beanutils\1.9.4\commons-beanutils-1.9.4.jar;D:\repository\commons-collections\commons-collections\3.2.2\commons-collections-3.2.2.jar;D:\repository\org\apache\shiro\shiro-event\1.7.1\shiro-event-1.7.1.jar;D:\repository\org\apache\shiro\shiro-web\1.7.1\shiro-web-1.7.1.jar;D:\repository\org\owasp\encoder\encoder\1.2.2\encoder-1.2.2.jar;D:\repository\mysql\mysql-connector-java\8.0.28\mysql-connector-java-8.0.28.jar;D:\repository\com\baomidou\mybatis-plus-boot-starter\3.4.2\mybatis-plus-boot-starter-3.4.2.jar;D:\repository\com\baomidou\mybatis-plus\3.4.2\mybatis-plus-3.4.2.jar;D:\repository\com\baomidou\mybatis-plus-extension\3.4.2\mybatis-plus-extension-3.4.2.jar;D:\repository\com\baomidou\mybatis-plus-core\3.4.2\mybatis-plus-core-3.4.2.jar;D:\repository\com\baomidou\mybatis-plus-annotation\3.4.2\mybatis-plus-annotation-3.4.2.jar;D:\repository\org\springframework\boot\spring-boot-starter-jdbc\2.6.6\spring-boot-starter-jdbc-2.6.6.jar;D:\repository\com\zaxxer\HikariCP\4.0.3\HikariCP-4.0.3.jar;D:\repository\org\springframework\spring-jdbc\5.3.18\spring-jdbc-5.3.18.jar;D:\repository\eu\bitwalker\UserAgentUtils\1.21\UserAgentUtils-1.21.jar;D:\repository\io\springfox\springfox-oas\3.0.0\springfox-oas-3.0.0.jar;D:\repository\io\swagger\core\v3\swagger-annotations\2.1.2\swagger-annotations-2.1.2.jar;D:\repository\io\swagger\core\v3\swagger-models\2.1.2\swagger-models-2.1.2.jar;D:\repository\com\fasterxml\jackson\core\jackson-annotations\2.13.2\jackson-annotations-2.13.2.jar;D:\repository\io\springfox\springfox-spi\3.0.0\springfox-spi-3.0.0.jar;D:\repository\io\springfox\springfox-schema\3.0.0\springfox-schema-3.0.0.jar;D:\repository\io\springfox\springfox-core\3.0.0\springfox-core-3.0.0.jar;D:\repository\io\springfox\springfox-spring-web\3.0.0\springfox-spring-web-3.0.0.jar;D:\repository\io\github\classgraph\classgraph\4.8.83\classgraph-4.8.83.jar;D:\repository\io\springfox\springfox-spring-webmvc\3.0.0\springfox-spring-webmvc-3.0.0.jar;D:\repository\io\springfox\springfox-spring-webflux\3.0.0\springfox-spring-webflux-3.0.0.jar;D:\repository\io\springfox\springfox-swagger-common\3.0.0\springfox-swagger-common-3.0.0.jar;D:\repository\org\mapstruct\mapstruct\1.3.1.Final\mapstruct-1.3.1.Final.jar;D:\repository\com\google\code\gson\gson\2.9.0\gson-2.9.0.jar;D:\repository\org\apache\httpcomponents\httpclient\4.5.13\httpclient-4.5.13.jar;D:\repository\org\apache\httpcomponents\httpcore\4.4.15\httpcore-4.4.15.jar;D:\repository\commons-codec\commons-codec\1.15\commons-codec-1.15.jar;D:\repository\org\apache\httpcomponents\httpmime\4.5.13\httpmime-4.5.13.jar;D:\repository\com\alibaba\fastjson\1.2.75\fastjson-1.2.75.jar;D:\repository\org\springframework\boot\spring-boot-configuration-processor\2.6.6\spring-boot-configuration-processor-2.6.6.jar;D:\repository\org\springframework\boot\spring-boot-starter-aop\2.6.3\spring-boot-starter-aop-2.6.3.jar;D:\repository\org\springframework\spring-aop\5.3.18\spring-aop-5.3.18.jar;D:\repository\org\aspectj\aspectjweaver\1.9.7\aspectjweaver-1.9.7.jar;D:\repository\org\apache\commons\commons-lang3\3.9\commons-lang3-3.9.jar;"/>
    <property name="sun.cpu.endian" value="little"/>
    <property name="user.home" value="C:\Users\machi"/>
    <property name="user.language" value="zh"/>
    <property name="java.specification.vendor" value="Oracle Corporation"/>
    <property name="java.home" value="C:\Program Files (x86)\Java\jdk1.8.0_102\jre"/>
    <property name="basedir" value="D:\parachute\shikaBookCity\shika-book-city"/>
    <property name="file.separator" value="\"/>
    <property name="line.separator" value="&#10;"/>
    <property name="java.vm.specification.vendor" value="Oracle Corporation"/>
    <property name="java.specification.name" value="Java Platform API Specification"/>
    <property name="java.awt.graphicsenv" value="sun.awt.Win32GraphicsEnvironment"/>
    <property name="surefire.real.class.path" value="C:\Users\machi\AppData\Local\Temp\surefire6661959492264877896\surefirebooter1944698982033493717.jar"/>
    <property name="sun.boot.class.path" value="C:\Program Files (x86)\Java\jdk1.8.0_102\jre\lib\resources.jar;C:\Program Files (x86)\Java\jdk1.8.0_102\jre\lib\rt.jar;C:\Program Files (x86)\Java\jdk1.8.0_102\jre\lib\sunrsasign.jar;C:\Program Files (x86)\Java\jdk1.8.0_102\jre\lib\jsse.jar;C:\Program Files (x86)\Java\jdk1.8.0_102\jre\lib\jce.jar;C:\Program Files (x86)\Java\jdk1.8.0_102\jre\lib\charsets.jar;C:\Program Files (x86)\Java\jdk1.8.0_102\jre\lib\jfr.jar;C:\Program Files (x86)\Java\jdk1.8.0_102\jre\classes"/>
    <property name="user.script" value=""/>
    <property name="sun.management.compiler" value="HotSpot Client Compiler"/>
    <property name="java.runtime.version" value="1.8.0_102-b14"/>
    <property name="user.name" value="machi"/>
    <property name="path.separator" value=";"/>
    <property name="os.version" value="10.0"/>
    <property name="java.endorsed.dirs" value="C:\Program Files (x86)\Java\jdk1.8.0_102\jre\lib\endorsed"/>
    <property name="java.runtime.name" value="Java(TM) SE Runtime Environment"/>
    <property name="file.encoding" value="GBK"/>
    <property name="java.vm.name" value="Java HotSpot(TM) Client VM"/>
    <property name="localRepository" value="D:\repository"/>
    <property name="java.vendor.url.bug" value="http://bugreport.sun.com/bugreport/"/>
    <property name="java.io.tmpdir" value="C:\Users\machi\AppData\Local\Temp\"/>
    <property name="idea.version" value="2021.1"/>
    <property name="java.version" value="1.8.0_102"/>
    <property name="user.dir" value="D:\parachute\shikaBookCity\shika-book-city"/>
    <property name="os.arch" value="x86"/>
    <property name="java.vm.specification.name" value="Java Virtual Machine Specification"/>
    <property name="java.awt.printerjob" value="sun.awt.windows.WPrinterJob"/>
    <property name="sun.os.patch.level" value=""/>
    <property name="java.library.path" value="C:\Program Files (x86)\Java\jdk1.8.0_102\jre\bin;C:\WINDOWS\Sun\Java\bin;C:\WINDOWS\system32;C:\WINDOWS;C:\Program Files (x86)\VMware\VMware Workstation\bin\;C:\Program Files\Common Files\Oracle\Java\javapath;C:\ProgramData\Oracle\Java\javapath;C:\Windows\system32;C:\Windows;C:\Windows\System32\Wbem;C:\Windows\System32\WindowsPowerShell\v1.0\;C:\Windows\System32\OpenSSH\;C:\Program Files (x86)\NVIDIA Corporation\PhysX\Common;C:\Program Files\NVIDIA Corporation\NVIDIA NvDLISR\;C:\Program Files\Java\jdk-11.0.11\bin;C:\Program Files\Java\jdk-11.0.11\jre\bin;C:\WINDOWS\system32;C:\WINDOWS;C:\WINDOWS\System32\Wbem;C:\WINDOWS\System32\WindowsPowerShell\v1.0\;C:\WINDOWS\System32\OpenSSH\;D:\Git\Git\cmd;D:\work_kf\apache-maven-3.8.4\bin;C:\Program Files\nodejs\;D:\vue3\node_modules\.bin;C:\Program Files\MySQL\MySQL Shell 8.0\bin\;D:\Scripts\;D:\;C:\Users\machi\AppData\Local\Microsoft\WindowsApps;;D:\IntelliJ IDEA 2020.1\bin;;D:\Microsoft VS Code\Microsoft VS Code\bin;C:\Users\machi\AppData\Roaming\npm;C:\Users\machi\AppData\Local\Pandoc\;."/>
    <property name="java.vm.info" value="mixed mode"/>
    <property name="java.vendor" value="Oracle Corporation"/>
    <property name="java.vm.version" value="25.102-b14"/>
    <property name="java.ext.dirs" value="C:\Program Files (x86)\Java\jdk1.8.0_102\jre\lib\ext;C:\WINDOWS\Sun\Java\lib\ext"/>
    <property name="sun.io.unicode.encoding" value="UnicodeLittle"/>
    <property name="maven.repo.local" value="D:\repository"/>
    <property name="java.class.version" value="52.0"/>
  </properties>
  <testcase name="test" classname="com.parachute.shikabookcity.ShikaBookCityApplicationTests" time="0.257"/>
  <testcase name="test1" classname="com.parachute.shikabookcity.ShikaBookCityApplicationTests" time="0.626">
    <error message="&#10;### Error updating database.  Cause: java.sql.SQLIntegrityConstraintViolationException: Duplicate entry &apos;1&apos; for key &apos;commodity_code.PRIMARY&apos;&#10;### The error may exist in com/parachute/shikabookcity/dao/BookDao.java (best guess)&#10;### The error may involve com.parachute.shikabookcity.dao.BookDao.insertCommodityCode-Inline&#10;### The error occurred while setting parameters&#10;### SQL: INSERT into commodity_code (commodity_code) VALUES(?)&#10;### Cause: java.sql.SQLIntegrityConstraintViolationException: Duplicate entry &apos;1&apos; for key &apos;commodity_code.PRIMARY&apos;&#10;; Duplicate entry &apos;1&apos; for key &apos;commodity_code.PRIMARY&apos;; nested exception is java.sql.SQLIntegrityConstraintViolationException: Duplicate entry &apos;1&apos; for key &apos;commodity_code.PRIMARY&apos;" type="org.springframework.dao.DuplicateKeyException">org.springframework.dao.DuplicateKeyException: 

### Error updating database.  Cause: java.sql.SQLIntegrityConstraintViolationException: Duplicate entry '1' for key 'commodity_code.PRIMARY'
### The error may exist in com/parachute/shikabookcity/dao/BookDao.java (best guess)
### The error may involve com.parachute.shikabookcity.dao.BookDao.insertCommodityCode-Inline
### The error occurred while setting parameters
### SQL: INSERT into commodity_code (commodity_code) VALUES(?)
### Cause: java.sql.SQLIntegrityConstraintViolationException: Duplicate entry '1' for key 'commodity_code.PRIMARY'
; Duplicate entry '1' for key 'commodity_code.PRIMARY'; nested exception is java.sql.SQLIntegrityConstraintViolationException: Duplicate entry '1' for key 'commodity_code.PRIMARY'
	at com.parachute.shikabookcity.ShikaBookCityApplicationTests.test1(ShikaBookCityApplicationTests.java:28)
Caused by: java.sql.SQLIntegrityConstraintViolationException: Duplicate entry '1' for key 'commodity_code.PRIMARY'
	at com.parachute.shikabookcity.ShikaBookCityApplicationTests.test1(ShikaBookCityApplicationTests.java:28)
</error>
    <system-out><![CDATA[Creating a new SqlSession
SqlSession [org.apache.ibatis.session.defaults.DefaultSqlSession@36baca] was not registered for synchronization because synchronization is not active
2022-05-04 08:15:13.427  INFO 28448 --- [           main] com.alibaba.druid.pool.DruidDataSource   : {dataSource-1} inited
JDBC Connection [com.alibaba.druid.proxy.jdbc.ConnectionProxyImpl@11b43d8] will not be managed by Spring
==>  Preparing: INSERT into commodity_code (commodity_code) VALUES(?)
==> Parameters: 1(String)
Closing non transactional SqlSession [org.apache.ibatis.session.defaults.DefaultSqlSession@36baca]
]]></system-out>
  </testcase>
</testsuite>